2022-Nov-24 22:50:52 Наличие необходимых модулей php (check_php_modules): Ok
Все необходимые модули установлены
2022-Nov-24 22:50:52 Обязательные параметры PHP (check_php_settings): Fail
Ошибка! Значение max_input_vars должно быть не ниже 10000. Текущее значение: 1000
2022-Nov-24 22:50:52 Модули веб-сервера (check_security): Ok
Конфликтов не выявлено
2022-Nov-24 22:50:52 Значения переменных сервера (check_server_vars): Ok
Корректные
2022-Nov-24 22:50:52 Сохранение сессии (check_session): Ok
50% done
2022-Nov-24 22:50:53 Сохранение сессии (check_session): Ok
Успешно
2022-Nov-24 22:50:53 Параметры настройки UTF (mbstring и константа BX_UTF) (check_mbstring): Ok
Правильные. Сайт работает в UTF кодировке
2022-Nov-24 22:50:53 Служебные скрипты в корне сайта (check_install_scripts): Ok
Отсутствуют
2022-Nov-24 22:50:53 Работа с сокетами (check_socket): Fail
Connection to ssl://rubitech.su:443	Fail
Socket error [0]: 

Ошибка! Не работает
2022-Nov-24 22:50:53 Выполнение агентов на cron (check_bx_crontab): Warning
Замечание. Агенты выполняются на хитах, рекомендуется перевести выполнение агентов на cron
2022-Nov-24 22:50:54 Параметры подключения к базе данных (check_dbconn_settings): Ok
Успешно
2022-Nov-24 22:50:54 Лишний вывод в файлах конфигурации (check_dbconn): Warning
Замечание. Не удалось проверить из-за ошибки в работе с сокетами
2022-Nov-24 22:50:54 Сохранение сессии без UserAgent (check_session_ua): Warning
Замечание. Не удалось проверить из-за ошибки в работе с сокетами
2022-Nov-24 22:50:54 Настройки сайтов (check_sites): Ok
Правильные
2022-Nov-24 22:50:54 Передача объектов по ссылке (check_clone): Ok
Успешно
2022-Nov-24 22:50:55 Размер стека и pcre.recursion_limit (check_pcre_recursion): Warning
Замечание. Не удалось проверить из-за ошибки в работе с сокетами
2022-Nov-24 22:50:55 Загрузка файла (check_upload): Fail
Ошибка! Временная папка не существует (BX_TEMPORARY_FILES_DIRECTORY: /home/h009418730/rubytech.ru/docs/bitrix/tmp)
2022-Nov-24 22:50:55 Загрузка файла больше 4Мб (check_upload_big): Fail
Ошибка! Временная папка не существует (BX_TEMPORARY_FILES_DIRECTORY: /home/h009418730/rubytech.ru/docs/bitrix/tmp)
2022-Nov-24 22:50:55 Загрузка файла через php://input (check_upload_raw): Fail
Ошибка! Временная папка не существует (BX_TEMPORARY_FILES_DIRECTORY: /home/h009418730/rubytech.ru/docs/bitrix/tmp)
2022-Nov-24 22:50:55 Передача POST запроса с большим числом параметров (check_post): Warning
Замечание. Не удалось проверить из-за ошибки в работе с сокетами
2022-Nov-24 22:50:56 Отправка почты (check_mail): Ok
Успешно
2022-Nov-24 22:50:56 Отправка почтового сообщения больше 64Кб (check_mail_big): Ok
Успешно
2022-Nov-24 22:50:56 Проверка на наличие неотправленных сообщений (check_mail_b_event): Ok
Успешно
2022-Nov-24 22:50:56 Внутреннее перенаправление (функция LocalRedirect) (check_localredirect): Warning
Замечание. Не удалось проверить из-за ошибки в работе с сокетами
2022-Nov-24 22:50:56 Фактическое ограничение памяти (check_memory_limit): Warning
Замечание. Не удалось проверить из-за ошибки в работе с сокетами
2022-Nov-24 22:50:57 Работа с файлами кеша (check_cache): Ok
Успешно
2022-Nov-24 22:50:57 Доступ к серверу обновлений (check_update): Ok
Успешно
2022-Nov-24 22:50:57 HTTP авторизация (check_http_auth): Warning
Замечание. Не удалось проверить из-за ошибки в работе с сокетами
2022-Nov-24 22:50:57 Создание и запуск файла (check_exec): Warning
Замечание. Не удалось проверить из-за ошибки в работе с сокетами
2022-Nov-24 22:50:58 Функция getimagesize для swf (check_getimagesize): Ok
Успешно
2022-Nov-24 22:50:58 Версия MySQL-сервера (check_mysql_bug_version): Ok
Успешно
2022-Nov-24 22:50:59 Время на БД и веб-сервере (check_mysql_time): Ok
Успешно
2022-Nov-24 22:50:59 Режим работы MySQL (check_mysql_mode): Fail
Ошибка! innodb_strict_mode=ON, требуется OFFПеременная sql_mode в MySQL должна быть пустая, текущее значение: ONLY_FULL_GROUP_BY,STRICT_TRANS_TABLES,NO_ZERO_IN_DATE,NO_ZERO_DATE,ERROR_FOR_DIVISION_BY_ZERO,NO_ENGINE_SUBSTITUTION
2022-Nov-24 22:50:59 Кодировка соединения (check_mysql_connection_charset): Fail
character_set_connection=utf8mb3, collation_connection=utf8_unicode_ci, character_set_results=utf8mb3
Ошибка! Кодировка соединения с базой данных должна быть utf8, текущее значение: utf8mb3
2022-Nov-24 22:50:59 Кодировка базы данных (check_mysql_db_charset): Warning
Замечание. Не удалось проверить из-за ошибки кодировки соединения
2022-Nov-24 22:50:59 Кодировки таблиц в БД (check_mysql_table_charset): Warning
Замечание. Не удалось проверить из-за ошибки кодировки соединения
2022-Nov-24 22:50:59 Структура базы данных (check_mysql_table_structure): Ok
0% done
2022-Nov-24 22:51:00 Структура базы данных (check_mysql_table_structure): Ok
3% done
2022-Nov-24 22:51:00 Структура базы данных (check_mysql_table_structure): Ok
7% done
2022-Nov-24 22:51:01 Структура базы данных (check_mysql_table_structure): Ok
11% done
2022-Nov-24 22:51:01 Структура базы данных (check_mysql_table_structure): Ok
15% done
2022-Nov-24 22:51:01 Структура базы данных (check_mysql_table_structure): Ok
19% done
2022-Nov-24 22:51:02 Структура базы данных (check_mysql_table_structure): Ok
23% done
2022-Nov-24 22:51:02 Структура базы данных (check_mysql_table_structure): Ok
26% done
2022-Nov-24 22:51:03 Структура базы данных (check_mysql_table_structure): Ok
30% done
2022-Nov-24 22:51:04 Структура базы данных (check_mysql_table_structure): Ok
34% done
2022-Nov-24 22:51:05 Структура базы данных (check_mysql_table_structure): Ok
38% done
2022-Nov-24 22:51:07 Структура базы данных (check_mysql_table_structure): Ok
42% done
2022-Nov-24 22:51:08 Структура базы данных (check_mysql_table_structure): Ok
46% done
2022-Nov-24 22:51:08 Структура базы данных (check_mysql_table_structure): Ok
50% done
2022-Nov-24 22:51:08 Структура базы данных (check_mysql_table_structure): Ok
53% done
2022-Nov-24 22:51:08 Структура базы данных (check_mysql_table_structure): Ok
57% done
2022-Nov-24 22:51:09 Структура базы данных (check_mysql_table_structure): Ok
61% done
2022-Nov-24 22:51:09 Структура базы данных (check_mysql_table_structure): Ok
65% done
2022-Nov-24 22:51:10 Структура базы данных (check_mysql_table_structure): Ok
69% done
2022-Nov-24 22:51:10 Структура базы данных (check_mysql_table_structure): Ok
73% done
2022-Nov-24 22:51:11 Структура базы данных (check_mysql_table_structure): Ok
76% done
2022-Nov-24 22:51:11 Структура базы данных (check_mysql_table_structure): Ok
80% done
2022-Nov-24 22:51:14 Структура базы данных (check_mysql_table_structure): Ok
84% done
2022-Nov-24 22:51:19 Структура базы данных (check_mysql_table_structure): Ok
88% done
2022-Nov-24 22:51:19 Структура базы данных (check_mysql_table_structure): Ok
92% done
2022-Nov-24 22:51:19 Структура базы данных (check_mysql_table_structure): Ok
96% done
2022-Nov-24 22:51:20 Структура базы данных (check_mysql_table_structure): Ok
Успешно
